Warning: Cannot read local schema '/usr/share/sumo/data/xsd/additional_file.xsd', will try website lookup.
Warning: Cannot read local schema '/usr/share/sumo/data/xsd/additional_file.xsd', will try website lookup.
Warning: Cannot read local schema '/usr/share/sumo/data/xsd/routes_file.xsd', will try website lookup.
Warning: Route file should be sorted by departure time, ignoring 'rsu0'!
Warning: Route file should be sorted by departure time, ignoring 'rsu1'!
Warning: Route file should be sorted by departure time, ignoring 'rsu2'!
Warning: Route file should be sorted by departure time, ignoring 'rsu3'!
Warning: Route file should be sorted by departure time, ignoring 'rsu4'!
Warning: Route file should be sorted by departure time, ignoring 'rsu5'!
Warning: Route file should be sorted by departure time, ignoring 'rsu6'!
Warning: Route file should be sorted by departure time, ignoring 'rsu7'!
Warning: Route file should be sorted by departure time, ignoring 'rsu8'!
Warning: Route file should be sorted by departure time, ignoring 'rsu9'!
Warning: Route file should be sorted by departure time, ignoring 'rsu10'!
Warning: Route file should be sorted by departure time, ignoring 'rsu11'!
Warning: Route file should be sorted by departure time, ignoring 'rsu12'!
Warning: Route file should be sorted by departure time, ignoring 'rsu13'!
Warning: Route file should be sorted by departure time, ignoring 'rsu14'!
Warning: Route file should be sorted by departure time, ignoring 'rsu15'!
Warning: Route file should be sorted by departure time, ignoring 'rsu16'!
Warning: Route file should be sorted by departure time, ignoring 'rsu17'!
Warning: Route file should be sorted by departure time, ignoring 'rsu18'!
Warning: Route file should be sorted by departure time, ignoring 'rsu19'!
Warning: Route file should be sorted by departure time, ignoring 'rsu20'!
Warning: Route file should be sorted by departure time, ignoring 'rsu21'!
Warning: Route file should be sorted by departure time, ignoring 'rsu22'!
Warning: Route file should be sorted by departure time, ignoring 'rsu23'!
Warning: Route file should be sorted by departure time, ignoring 'rsu24'!
Warning: Route file should be sorted by departure time, ignoring 'rsu25'!
Warning: Route file should be sorted by departure time, ignoring 'rsu26'!
Warning: Route file should be sorted by departure time, ignoring 'rsu27'!
Warning: Route file should be sorted by departure time, ignoring 'rsu28'!
Warning: Route file should be sorted by departure time, ignoring 'rsu29'!
Warning: Route file should be sorted by departure time, ignoring 'rsu30'!
Warning: Route file should be sorted by departure time, ignoring 'rsu31'!
Warning: Route file should be sorted by departure time, ignoring 'rsu32'!
Warning: Route file should be sorted by departure time, ignoring 'rsu33'!
Warning: Route file should be sorted by departure time, ignoring 'rsu34'!
Warning: Route file should be sorted by departure time, ignoring 'rsu35'!
Warning: Route file should be sorted by departure time, ignoring 'rsu36'!
Warning: Route file should be sorted by departure time, ignoring 'rsu37'!
Warning: Route file should be sorted by departure time, ignoring 'rsu38'!
Warning: Route file should be sorted by departure time, ignoring 'rsu39'!
Warning: Route file should be sorted by departure time, ignoring 'rsu40'!
Warning: Route file should be sorted by departure time, ignoring 'rsu41'!
Warning: Route file should be sorted by departure time, ignoring 'rsu42'!
Warning: Route file should be sorted by departure time, ignoring 'rsu43'!
Warning: Route file should be sorted by departure time, ignoring 'rsu44'!
Warning: Route file should be sorted by departure time, ignoring 'rsu45'!
Warning: Route file should be sorted by departure time, ignoring 'rsu46'!
Warning: Route file should be sorted by departure time, ignoring 'rsu47'!
Warning: Route file should be sorted by departure time, ignoring 'rsu48'!
Warning: Route file should be sorted by departure time, ignoring 'rsu49'!
Warning: Route file should be sorted by departure time, ignoring 'rsu50'!
Warning: Route file should be sorted by departure time, ignoring 'rsu51'!
Warning: Route file should be sorted by departure time, ignoring 'rsu52'!
Warning: Route file should be sorted by departure time, ignoring 'rsu53'!
Warning: Route file should be sorted by departure time, ignoring 'rsu54'!
Warning: Route file should be sorted by departure time, ignoring 'rsu55'!
Warning: Route file should be sorted by departure time, ignoring 'rsu56'!
Warning: Route file should be sorted by departure time, ignoring 'rsu57'!
Warning: Route file should be sorted by departure time, ignoring 'rsu58'!
Warning: Route file should be sorted by departure time, ignoring 'rsu59'!
Warning: Route file should be sorted by departure time, ignoring 'rsu60'!
Warning: Route file should be sorted by departure time, ignoring 'rsu61'!
Warning: Route file should be sorted by departure time, ignoring 'rsu62'!
Warning: Route file should be sorted by departure time, ignoring 'rsu63'!
Warning: Route file should be sorted by departure time, ignoring 'rsu64'!
Warning: Route file should be sorted by departure time, ignoring 'rsu65'!
Warning: Route file should be sorted by departure time, ignoring 'rsu66'!
Warning: Route file should be sorted by departure time, ignoring 'rsu67'!
Warning: Route file should be sorted by departure time, ignoring 'rsu68'!
Warning: Route file should be sorted by departure time, ignoring 'rsu69'!
Warning: Route file should be sorted by departure time, ignoring 'rsu70'!
Warning: Route file should be sorted by departure time, ignoring 'rsu71'!
Warning: Route file should be sorted by departure time, ignoring 'rsu72'!
Warning: Route file should be sorted by departure time, ignoring 'rsu73'!
Warning: Route file should be sorted by departure time, ignoring 'rsu74'!
Warning: Route file should be sorted by departure time, ignoring 'rsu75'!
Warning: Route file should be sorted by departure time, ignoring 'rsu76'!
Warning: Route file should be sorted by departure time, ignoring 'rsu77'!
Warning: Route file should be sorted by departure time, ignoring 'rsu78'!
Warning: Route file should be sorted by departure time, ignoring 'rsu79'!
Warning: Route file should be sorted by departure time, ignoring 'rsu80'!
Error: tcpip::Socket::recvAndCheck @ recv: peer shutdown
Quitting (on error).
