[CTRL] Loaded node feature timeline: 60 frames.
[CTRL] Loaded edge feature timeline: 60 frames.
[GraphConverter] Updated mapping for 81 nodes.
/home/Lyh/ELITE-zg-main/ELITE-fusion/ctrl_work/controller_server.py:300: FutureWarning: You are using `torch.load` with `weights_only=False` (the current default value), which uses the default pickle module implicitly. It is possible to construct malicious pickle data which will execute arbitrary code during unpickling (See https://github.com/pytorch/pytorch/blob/main/SECURITY.md#untrusted-models for more details). In a future release, the default value for `weights_only` will be flipped to `True`. This limits the functions that could be executed during unpickling. Arbitrary objects will no longer be allowed to be loaded via this mode unless they are explicitly allowlisted by the user via `torch.serialization.add_safe_globals`. We recommend you start setting `weights_only=True` for any use case where you don't have full control of the loaded file. Please open an issue on GitHub for any issues related to this experimental feature.
  state = torch.load(path, map_location=self.device)
[CTRL] [GNN] router ready policies=['HRF', 'LDF', 'LBF'], default=LDF, k_paths=5, max_hops=32, device=cuda
[CTRL] Shared memory registered.
[CTRL] Controller ready.
[CTRL] [REQ] t=3.00s src=14->9 j_hint=18->46 policy=LDF msgType=0 queue=0.00 neighbor=64
[CTRL] [RESP] policy=LDF len=5 path=[18, 27, 28, 37, 46]
[CTRL] [REQ] t=3.07s src=16->14 j_hint=34->18 policy=HRF msgType=1 queue=0.00 neighbor=64
[CTRL] [RESP] policy=HRF len=9 path=[34, 33, 24, 23, 22, 21, 20, 19, 18]
[CTRL] [REQ] t=4.98s src=37->6 j_hint=40->34 policy=LDF msgType=0 queue=0.00 neighbor=64
[CTRL] [RESP] policy=LDF len=5 path=[40, 41, 42, 43, 34]
[CTRL] [REQ] t=7.17s src=25->51 j_hint=47->39 policy=HRF msgType=1 queue=0.00 neighbor=64
[CTRL] [RESP] policy=HRF len=3 path=[47, 48, 39]
[CTRL] [REQ] t=7.71s src=43->6 j_hint=22->34 policy=LDF msgType=0 queue=1.00 neighbor=64
[CTRL] [RESP] policy=LDF len=5 path=[22, 23, 24, 33, 34]
[CTRL] [REQ] t=8.32s src=22->8 j_hint=37->58 policy=LDF msgType=3 queue=0.00 neighbor=64
[CTRL] [RESP] policy=LDF len=6 path=[37, 38, 39, 48, 57, 58]
[CTRL] [REQ] t=8.37s src=18->17 j_hint=54->68 policy=LDF msgType=0 queue=0.00 neighbor=64
[CTRL] [RESP] policy=LDF len=7 path=[54, 55, 56, 65, 66, 67, 68]
[CTRL] [REQ] t=12.14s src=73->84 j_hint=38->49 policy=LDF msgType=0 queue=1.00 neighbor=64
[CTRL] [RESP] policy=LDF len=4 path=[38, 39, 48, 49]
[CTRL] [REQ] t=13.18s src=15->44 j_hint=28->47 policy=LDF msgType=2 queue=0.00 neighbor=64
[CTRL] [RESP] policy=LDF len=4 path=[28, 29, 38, 47]
[CTRL] [REQ] t=15.15s src=41->7 j_hint=21->57 policy=HRF msgType=1 queue=1.00 neighbor=64
[CTRL] [RESP] policy=HRF len=5 path=[21, 30, 39, 48, 57]
[CTRL] [REQ] t=17.31s src=111->10 j_hint=2->25 policy=LDF msgType=0 queue=2.00 neighbor=64
[CTRL] [RESP] policy=LDF len=8 path=[2, 3, 4, 5, 14, 15, 16, 25]
[CTRL] [REQ] t=18.68s src=33->61 j_hint=40->50 policy=LDF msgType=0 queue=0.00 neighbor=64
[CTRL] [RESP] policy=LDF len=3 path=[40, 41, 50]
[CTRL] [REQ] t=19.39s src=46->33 j_hint=31->40 policy=LDF msgType=3 queue=1.00 neighbor=64
[CTRL] [RESP] policy=LDF len=2 path=[31, 40]
[CTRL] [REQ] t=19.84s src=155->45 j_hint=0->43 policy=LDF msgType=0 queue=1.00 neighbor=64
[CTRL] [RESP] policy=LDF len=12 path=[0, 1, 2, 3, 4, 5, 6, 15, 16, 25]...
[CTRL] [REQ] t=20.20s src=25->61 j_hint=47->50 policy=HRF msgType=1 queue=0.00 neighbor=64
[CTRL] [RESP] policy=HRF len=4 path=[47, 48, 49, 50]
[CTRL] [REQ] t=21.57s src=88->51 j_hint=23->39 policy=LDF msgType=2 queue=0.00 neighbor=64
[CTRL] [RESP] policy=LDF len=5 path=[23, 32, 31, 30, 39]
[CTRL] [REQ] t=24.37s src=42->46 j_hint=62->31 policy=LDF msgType=0 queue=0.00 neighbor=64
[CTRL] [RESP] policy=LDF len=8 path=[62, 53, 44, 35, 34, 33, 32, 31]
[CTRL] [REQ] t=26.17s src=170->144 j_hint=61->34 policy=LDF msgType=0 queue=0.00 neighbor=64
[CTRL] [RESP] policy=LDF len=4 path=[61, 52, 43, 34]
[CTRL] [REQ] t=28.72s src=128->84 j_hint=4->49 policy=HRF msgType=1 queue=2.00 neighbor=64
[CTRL] [RESP] policy=HRF len=6 path=[4, 13, 22, 31, 40, 49]
[CTRL] Controller stopped.
[CTRL] Controller exiting.
